


ARM Macro Assembler    Page 1 


    1 00000000         ;******************** (C) COPYRIGHT 2009 STMicroelectron
                       ics ********************
    2 00000000         ;* File Name          : startup.s
    3 00000000         ;* Author             : LG Display
    4 00000000         ;* Version            : V0.1
    5 00000000         ;* Date               : 04/14/2016
    6 00000000         ;* Description        : MFTP vector table for RVMDK 
    7 00000000         ;*                      toolchain. 
    8 00000000         ;*                      This module performs:
    9 00000000         ;*                      - Set the initial SP
   10 00000000         ;*                      - Set the initial PC == Reset_Ha
                       ndler
   11 00000000         ;*                      - Set the vector table entries w
                       ith the exceptions ISR address
   12 00000000         ;*                      - Branches to __main in the C li
                       brary (which eventually
   13 00000000         ;*                        calls main()).
   14 00000000         ;*                      After Reset the CortexM3 process
                       or is in Thread mode,
   15 00000000         ;*                      priority is Privileged, and the 
                       Stack is set to Main.
   16 00000000         ;* <<< Use Configuration Wizard in Context Menu >>>   
   17 00000000         ;*******************************************************
                       ************************
   18 00000000         ; THE PRESENT FIRMWARE WHICH IS FOR GUIDANCE ONLY AIMS A
                       T PROVIDING CUSTOMERS
   19 00000000         ; WITH CODING INFORMATION REGARDING THEIR PRODUCTS IN OR
                       DER FOR THEM TO SAVE TIME.
   20 00000000         ; AS A RESULT, STMICROELECTRONICS SHALL NOT BE HELD LIAB
                       LE FOR ANY DIRECT,
   21 00000000         ; INDIRECT OR CONSEQUENTIAL DAMAGES WITH RESPECT TO ANY 
                       CLAIMS ARISING FROM THE
   22 00000000         ; CONTENT OF SUCH FIRMWARE AND/OR THE USE MADE BY CUSTOM
                       ERS OF THE CODING
   23 00000000         ; INFORMATION CONTAINED HEREIN IN CONNECTION WITH THEIR 
                       PRODUCTS.
   24 00000000         ;*******************************************************
                       ************************
   25 00000000         
   26 00000000         ; Amount of memory (in bytes) allocated for Stack
   27 00000000         ; Tailor this value to your application needs
   28 00000000         ; <h> Stack Configuration
   29 00000000         ;   <o> Stack Size (in Bytes) <0x0-0xFFFFFFFF:8>
   30 00000000         ; </h>
   31 00000000         
   32 00000000 00000800 
                       Stack_Size
                               EQU              0x00000800  ;2KB
   33 00000000         
   34 00000000                 AREA             STACK, NOINIT, READWRITE, ALIGN
=3
   35 00000000         Stack_Mem
                               SPACE            Stack_Size
   36 00000800         __initial_sp
   37 00000800         
   38 00000800         
   39 00000800         ; <h> Heap Configuration
   40 00000800         ;   <o>  Heap Size (in Bytes) <0x0-0xFFFFFFFF:8>
   41 00000800         ; </h>



ARM Macro Assembler    Page 2 


   42 00000800         
   43 00000800 00000400 
                       Heap_Size
                               EQU              0x00000400  ;1KB
   44 00000800         
   45 00000800                 AREA             HEAP, NOINIT, READWRITE, ALIGN=
3
   46 00000000         __heap_base
   47 00000000         Heap_Mem
                               SPACE            Heap_Size
   48 00000400         __heap_limit
   49 00000400         
   50 00000400                 PRESERVE8
   51 00000400                 THUMB
   52 00000400         
   53 00000400         
   54 00000400         ; Vector Table Mapped to Address 0 at Reset
   55 00000400                 AREA             RESET, DATA, READONLY
   56 00000000                 EXPORT           __Vectors
   57 00000000                 EXPORT           __Vectors_End
   58 00000000                 EXPORT           __Vectors_Size
   59 00000000         
   60 00000000 00000000 
                       __Vectors
                               DCD              __initial_sp ; Top of Stack
   61 00000004 00000000        DCD              Reset_Handler ; Reset Handler
   62 00000008 00000000        DCD              NMI_Handler ; NMI Handler
   63 0000000C 00000000        DCD              HardFault_Handler ; Hard Fault 
                                                            Handler
   64 00000010 00000000        DCD              MemManage_Handler 
                                                            ; MPU Fault Handler
                                                            
   65 00000014 00000000        DCD              BusFault_Handler 
                                                            ; Bus Fault Handler
                                                            
   66 00000018 00000000        DCD              UsageFault_Handler ; Usage Faul
                                                            t Handler
   67 0000001C 00000000        DCD              0           ; Reserved
   68 00000020 00000000        DCD              0           ; Reserved
   69 00000024 00000000        DCD              0           ; Reserved
   70 00000028 00000000        DCD              0           ; Reserved
   71 0000002C 00000000        DCD              SVC_Handler ; SVCall Handler
   72 00000030 00000000        DCD              DebugMon_Handler ; Debug Monito
                                                            r Handler
   73 00000034 00000000        DCD              0           ; Reserved
   74 00000038 00000000        DCD              PendSV_Handler ; PendSV Handler
                                                            
   75 0000003C 00000000        DCD              SysTick_Handler 
                                                            ; SysTick Handler
   76 00000040         
   77 00000040         ; External Interrupts
   78 00000040 00000000        DCD              WDT_IRQHandler ; IRS#00 : Watch
                                                            dog Timer Interrupt
                                                            
   79 00000044 00000000        DCD              EXTI0_IRQHandler ; IRS#01 : EXT
                                                            I0 Interrupt
   80 00000048 00000000        DCD              EXTI1_IRQHandler ; IRS#02 : EXT
                                                            I1 Interrupt
   81 0000004C 00000000        DCD              TIMER_IRQHandler ; IRS#03 : Tim



ARM Macro Assembler    Page 3 


                                                            er Interrupt 
   82 00000050 00000000        DCD              I2C_IRQHandler ; IRS#04 : I2C I
                                                            nterrupt
   83 00000054 00000000        DCD              TSPI_IRQHandler ; IRS#05 : TSPI
                                                             Interrupt
   84 00000058 00000000        DCD              USB_IRQHandler ; IRS#06 : USB I
                                                            nterrupt 
   85 0000005C 00000000        DCD              PWMDRV_IRQHandler ; IRS#07 : PW
                                                            MDRV Interrupt
   86 00000060 00000000        DCD              MSPI_IRQHandler ; IRS#08 : MSPI
                                                             Interrupt
   87 00000064 00000000        DCD              GPDMA_IRQHandler ; IRS#09 : GPD
                                                            MA Interrupt
   88 00000068 00000000        DCD              DSP_A_IRQHandler ; IRS#10 : DSP
                                                            A(LGD) Interrupt
   89 0000006C 00000000        DCD              DSP_B_IRQHandler ; IRS#11 : DSP
                                                            B(SiW) Interrupt
   90 00000070 00000000        DCD              PLL_IRQHandler ; IRS#12 : PLL I
                                                            nterrupt
   91 00000074 00000000        DCD              FLITF_IRQHandler ; IRS#13 : Fla
                                                            sh Controller Inter
                                                            rupt
   92 00000078         __Vectors_End
   93 00000078         
   94 00000078 00000078 
                       __Vectors_Size
                               EQU              __Vectors_End - __Vectors
   95 00000078         
   96 00000078                 AREA             |.text|, CODE, READONLY
   97 00000000         
   98 00000000         ; Reset handler routine
   99 00000000         ;Reset_Handler    PROC
  100 00000000         ;                EXPORT  Reset_Handler             [WEAK
                       ]
  101 00000000         ;               IMPORT  sys_init
  102 00000000         ;               IMPORT  __main
  103 00000000         ;                 LDR     R0, =sys_init
  104 00000000         ;                 BLX     R0
  105 00000000         ;                 LDR     R0, =__main
  106 00000000         ;                 BLX     R0
  107 00000000         ;                ENDP
  108 00000000         
  109 00000000         Reset_Handler
                               PROC
  110 00000000                 EXPORT           Reset_Handler             [WEAK
]
  111 00000000 F04F 21E0       MOV              r1, #0xE000E000
  112 00000004 2010            MOVS             r0, #0x10
  113 00000006 F8C1 0180       STR              r0, [r1, #0x180]
  114 0000000A                 IMPORT           __main
  115 0000000A 4808            LDR              R0, =__main
  116 0000000C 4780            BLX              R0
  117 0000000E                 ENDP
  118 0000000E         
  119 0000000E         
  120 0000000E         ; Dummy Exception Handlers (infinite loops which can be 
                       modified)
  121 0000000E         
  122 0000000E         NMI_Handler



ARM Macro Assembler    Page 4 


                               PROC
  123 0000000E                 EXPORT           NMI_Handler                [WEA
K]
  124 0000000E E7FE            B                .
  125 00000010                 ENDP
  127 00000010         HardFault_Handler
                               PROC
  128 00000010                 EXPORT           HardFault_Handler          [WEA
K]
  129 00000010 E7FE            B                .
  130 00000012                 ENDP
  132 00000012         MemManage_Handler
                               PROC
  133 00000012                 EXPORT           MemManage_Handler          [WEA
K]
  134 00000012 E7FE            B                .
  135 00000014                 ENDP
  137 00000014         BusFault_Handler
                               PROC
  138 00000014                 EXPORT           BusFault_Handler           [WEA
K]
  139 00000014 E7FE            B                .
  140 00000016                 ENDP
  142 00000016         UsageFault_Handler
                               PROC
  143 00000016                 EXPORT           UsageFault_Handler         [WEA
K]
  144 00000016 E7FE            B                .
  145 00000018                 ENDP
  146 00000018         SVC_Handler
                               PROC
  147 00000018                 EXPORT           SVC_Handler                [WEA
K]
  148 00000018 E7FE            B                .
  149 0000001A                 ENDP
  151 0000001A         DebugMon_Handler
                               PROC
  152 0000001A                 EXPORT           DebugMon_Handler           [WEA
K]
  153 0000001A E7FE            B                .
  154 0000001C                 ENDP
  155 0000001C         PendSV_Handler
                               PROC
  156 0000001C                 EXPORT           PendSV_Handler             [WEA
K]
  157 0000001C E7FE            B                .
  158 0000001E                 ENDP
  159 0000001E         SysTick_Handler
                               PROC
  160 0000001E                 EXPORT           SysTick_Handler            [WEA
K]
  161 0000001E E7FE            B                .
  162 00000020                 ENDP
  163 00000020         
  164 00000020         Default_Handler
                               PROC
  165 00000020         
  166 00000020                 EXPORT           WDT_IRQHandler  [WEAK] ; IRS#00
                                                             : Watchdog Timer I



ARM Macro Assembler    Page 5 


                                                            nterrupt
  167 00000020                 EXPORT           EXTI0_IRQHandler [WEAK] ; IRS#0
                                                            1 : EXTI0 Interrupt
                                                            
  168 00000020                 EXPORT           EXTI1_IRQHandler [WEAK] ; IRS#0
                                                            2 : EXTI1 Interrupt
                                                            
  169 00000020                 EXPORT           TIMER_IRQHandler [WEAK] ; IRS#0
                                                            3 : Timer Interrupt
                                                             
  170 00000020                 EXPORT           I2C_IRQHandler  [WEAK] ; IRS#04
                                                             : I2C Interrupt
  171 00000020                 EXPORT           TSPI_IRQHandler  [WEAK] ; IRS#0
                                                            5 : TSPI Interrupt
  172 00000020                 EXPORT           USB_IRQHandler  [WEAK] ; IRS#06
                                                             : USB Interrupt 
  173 00000020                 EXPORT           PWMDRV_IRQHandler [WEAK] ; IRS#
                                                            07 : PWMDRV Interru
                                                            pt
  174 00000020                 EXPORT           MSPI_IRQHandler  [WEAK] ; IRS#0
                                                            8 : MSPI Interrupt
  175 00000020                 EXPORT           GPDMA_IRQHandler [WEAK] ; IRS#0
                                                            9 : GPDMA Interrupt
                                                            
  176 00000020                 EXPORT           DSP_A_IRQHandler [WEAK] ; IRS#1
                                                            0 : DSPA(LGD) Inter
                                                            rupt
  177 00000020                 EXPORT           DSP_B_IRQHandler [WEAK] ; IRS#1
                                                            1 : DSPB(SiW) Inter
                                                            rupt
  178 00000020                 EXPORT           PLL_IRQHandler  [WEAK] ; IRS#12
                                                             : PLL Interrupt
  179 00000020                 EXPORT           FLITF_IRQHandler [WEAK] ; IRS#1
                                                            3 : Flash Controlle
                                                            r Interrupt
  180 00000020         
  181 00000020         
  182 00000020         WDT_IRQHandler
  183 00000020         EXTI0_IRQHandler
  184 00000020         EXTI1_IRQHandler
  185 00000020         TIMER_IRQHandler
  186 00000020         I2C_IRQHandler
  187 00000020         TSPI_IRQHandler
  188 00000020         USB_IRQHandler
  189 00000020         PWMDRV_IRQHandler
  190 00000020         MSPI_IRQHandler
  191 00000020         GPDMA_IRQHandler
  192 00000020         DSP_A_IRQHandler
  193 00000020         DSP_B_IRQHandler
  194 00000020         PLL_IRQHandler
  195 00000020         FLITF_IRQHandler
  196 00000020         
  197 00000020         
  198 00000020         
  199 00000020                 ENDP
  200 00000020         
  201 00000020         
  202 00000020                 ALIGN
  203 00000020         



ARM Macro Assembler    Page 6 


  204 00000020         ;*******************************************************
                       ************************
  205 00000020         ; User Stack and Heap initialization
  206 00000020         ;*******************************************************
                       ************************
  207 00000020                 IF               :DEF:__MICROLIB
  214 00000020         
  215 00000020                 IMPORT           __use_two_region_memory
  216 00000020                 EXPORT           __user_initial_stackheap
  217 00000020         
  218 00000020         __user_initial_stackheap
  219 00000020         
  220 00000020 4803            LDR              R0, =  Heap_Mem
  221 00000022 4904            LDR              R1, =(Stack_Mem + Stack_Size)
  222 00000024 4A04            LDR              R2, = (Heap_Mem +  Heap_Size)
  223 00000026 4B05            LDR              R3, = Stack_Mem
  224 00000028 4770            BX               LR
  225 0000002A         
  226 0000002A 00 00           ALIGN
  227 0000002C         
  228 0000002C                 ENDIF
  229 0000002C         
  230 0000002C                 END
              00000000 
              00000000 
              00000800 
              00000400 
              00000000 
Command Line: --debug --xref --diag_suppress=9931 --cpu=Cortex-M3 --apcs=interw
ork --depend=.\bin\startup.d -o.\bin\startup.o -I.\RTE\_MFTP_FPGA -IC:\Keil_v5\
ARM\PACK\ARM\CMSIS\5.0.1\Device\ARM\ARMCM3\Include -IC:\Keil_v5\ARM\CMSIS\Inclu
de --predefine="__UVISION_VERSION SETA 523" --predefine="ARMCM3 SETA 1" --list=
.\list\startup.lst ..\..\Hal\system\startup.s



ARM Macro Assembler    Page 1 Alphabetic symbol ordering
Relocatable symbols

STACK 00000000

Symbol: STACK
   Definitions
      At line 34 in file ..\..\Hal\system\startup.s
   Uses
      None
Comment: STACK unused
Stack_Mem 00000000

Symbol: Stack_Mem
   Definitions
      At line 35 in file ..\..\Hal\system\startup.s
   Uses
      At line 221 in file ..\..\Hal\system\startup.s
      At line 223 in file ..\..\Hal\system\startup.s

__initial_sp 00000800

Symbol: __initial_sp
   Definitions
      At line 36 in file ..\..\Hal\system\startup.s
   Uses
      At line 60 in file ..\..\Hal\system\startup.s
Comment: __initial_sp used once
3 symbols



ARM Macro Assembler    Page 1 Alphabetic symbol ordering
Relocatable symbols

HEAP 00000000

Symbol: HEAP
   Definitions
      At line 45 in file ..\..\Hal\system\startup.s
   Uses
      None
Comment: HEAP unused
Heap_Mem 00000000

Symbol: Heap_Mem
   Definitions
      At line 47 in file ..\..\Hal\system\startup.s
   Uses
      At line 220 in file ..\..\Hal\system\startup.s
      At line 222 in file ..\..\Hal\system\startup.s

__heap_base 00000000

Symbol: __heap_base
   Definitions
      At line 46 in file ..\..\Hal\system\startup.s
   Uses
      None
Comment: __heap_base unused
__heap_limit 00000400

Symbol: __heap_limit
   Definitions
      At line 48 in file ..\..\Hal\system\startup.s
   Uses
      None
Comment: __heap_limit unused
4 symbols



ARM Macro Assembler    Page 1 Alphabetic symbol ordering
Relocatable symbols

RESET 00000000

Symbol: RESET
   Definitions
      At line 55 in file ..\..\Hal\system\startup.s
   Uses
      None
Comment: RESET unused
__Vectors 00000000

Symbol: __Vectors
   Definitions
      At line 60 in file ..\..\Hal\system\startup.s
   Uses
      At line 56 in file ..\..\Hal\system\startup.s
      At line 94 in file ..\..\Hal\system\startup.s

__Vectors_End 00000078

Symbol: __Vectors_End
   Definitions
      At line 92 in file ..\..\Hal\system\startup.s
   Uses
      At line 57 in file ..\..\Hal\system\startup.s
      At line 94 in file ..\..\Hal\system\startup.s

3 symbols



ARM Macro Assembler    Page 1 Alphabetic symbol ordering
Relocatable symbols

.text 00000000

Symbol: .text
   Definitions
      At line 96 in file ..\..\Hal\system\startup.s
   Uses
      None
Comment: .text unused
BusFault_Handler 00000014

Symbol: BusFault_Handler
   Definitions
      At line 137 in file ..\..\Hal\system\startup.s
   Uses
      At line 65 in file ..\..\Hal\system\startup.s
      At line 138 in file ..\..\Hal\system\startup.s

DSP_A_IRQHandler 00000020

Symbol: DSP_A_IRQHandler
   Definitions
      At line 192 in file ..\..\Hal\system\startup.s
   Uses
      At line 88 in file ..\..\Hal\system\startup.s
      At line 176 in file ..\..\Hal\system\startup.s

DSP_B_IRQHandler 00000020

Symbol: DSP_B_IRQHandler
   Definitions
      At line 193 in file ..\..\Hal\system\startup.s
   Uses
      At line 89 in file ..\..\Hal\system\startup.s
      At line 177 in file ..\..\Hal\system\startup.s

DebugMon_Handler 0000001A

Symbol: DebugMon_Handler
   Definitions
      At line 151 in file ..\..\Hal\system\startup.s
   Uses
      At line 72 in file ..\..\Hal\system\startup.s
      At line 152 in file ..\..\Hal\system\startup.s

Default_Handler 00000020

Symbol: Default_Handler
   Definitions
      At line 164 in file ..\..\Hal\system\startup.s
   Uses
      None
Comment: Default_Handler unused
EXTI0_IRQHandler 00000020

Symbol: EXTI0_IRQHandler
   Definitions
      At line 183 in file ..\..\Hal\system\startup.s
   Uses
      At line 79 in file ..\..\Hal\system\startup.s



ARM Macro Assembler    Page 2 Alphabetic symbol ordering
Relocatable symbols

      At line 167 in file ..\..\Hal\system\startup.s

EXTI1_IRQHandler 00000020

Symbol: EXTI1_IRQHandler
   Definitions
      At line 184 in file ..\..\Hal\system\startup.s
   Uses
      At line 80 in file ..\..\Hal\system\startup.s
      At line 168 in file ..\..\Hal\system\startup.s

FLITF_IRQHandler 00000020

Symbol: FLITF_IRQHandler
   Definitions
      At line 195 in file ..\..\Hal\system\startup.s
   Uses
      At line 91 in file ..\..\Hal\system\startup.s
      At line 179 in file ..\..\Hal\system\startup.s

GPDMA_IRQHandler 00000020

Symbol: GPDMA_IRQHandler
   Definitions
      At line 191 in file ..\..\Hal\system\startup.s
   Uses
      At line 87 in file ..\..\Hal\system\startup.s
      At line 175 in file ..\..\Hal\system\startup.s

HardFault_Handler 00000010

Symbol: HardFault_Handler
   Definitions
      At line 127 in file ..\..\Hal\system\startup.s
   Uses
      At line 63 in file ..\..\Hal\system\startup.s
      At line 128 in file ..\..\Hal\system\startup.s

I2C_IRQHandler 00000020

Symbol: I2C_IRQHandler
   Definitions
      At line 186 in file ..\..\Hal\system\startup.s
   Uses
      At line 82 in file ..\..\Hal\system\startup.s
      At line 170 in file ..\..\Hal\system\startup.s

MSPI_IRQHandler 00000020

Symbol: MSPI_IRQHandler
   Definitions
      At line 190 in file ..\..\Hal\system\startup.s
   Uses
      At line 86 in file ..\..\Hal\system\startup.s
      At line 174 in file ..\..\Hal\system\startup.s

MemManage_Handler 00000012

Symbol: MemManage_Handler



ARM Macro Assembler    Page 3 Alphabetic symbol ordering
Relocatable symbols

   Definitions
      At line 132 in file ..\..\Hal\system\startup.s
   Uses
      At line 64 in file ..\..\Hal\system\startup.s
      At line 133 in file ..\..\Hal\system\startup.s

NMI_Handler 0000000E

Symbol: NMI_Handler
   Definitions
      At line 122 in file ..\..\Hal\system\startup.s
   Uses
      At line 62 in file ..\..\Hal\system\startup.s
      At line 123 in file ..\..\Hal\system\startup.s

PLL_IRQHandler 00000020

Symbol: PLL_IRQHandler
   Definitions
      At line 194 in file ..\..\Hal\system\startup.s
   Uses
      At line 90 in file ..\..\Hal\system\startup.s
      At line 178 in file ..\..\Hal\system\startup.s

PWMDRV_IRQHandler 00000020

Symbol: PWMDRV_IRQHandler
   Definitions
      At line 189 in file ..\..\Hal\system\startup.s
   Uses
      At line 85 in file ..\..\Hal\system\startup.s
      At line 173 in file ..\..\Hal\system\startup.s

PendSV_Handler 0000001C

Symbol: PendSV_Handler
   Definitions
      At line 155 in file ..\..\Hal\system\startup.s
   Uses
      At line 74 in file ..\..\Hal\system\startup.s
      At line 156 in file ..\..\Hal\system\startup.s

Reset_Handler 00000000

Symbol: Reset_Handler
   Definitions
      At line 109 in file ..\..\Hal\system\startup.s
   Uses
      At line 61 in file ..\..\Hal\system\startup.s
      At line 110 in file ..\..\Hal\system\startup.s

SVC_Handler 00000018

Symbol: SVC_Handler
   Definitions
      At line 146 in file ..\..\Hal\system\startup.s
   Uses
      At line 71 in file ..\..\Hal\system\startup.s
      At line 147 in file ..\..\Hal\system\startup.s



ARM Macro Assembler    Page 4 Alphabetic symbol ordering
Relocatable symbols


SysTick_Handler 0000001E

Symbol: SysTick_Handler
   Definitions
      At line 159 in file ..\..\Hal\system\startup.s
   Uses
      At line 75 in file ..\..\Hal\system\startup.s
      At line 160 in file ..\..\Hal\system\startup.s

TIMER_IRQHandler 00000020

Symbol: TIMER_IRQHandler
   Definitions
      At line 185 in file ..\..\Hal\system\startup.s
   Uses
      At line 81 in file ..\..\Hal\system\startup.s
      At line 169 in file ..\..\Hal\system\startup.s

TSPI_IRQHandler 00000020

Symbol: TSPI_IRQHandler
   Definitions
      At line 187 in file ..\..\Hal\system\startup.s
   Uses
      At line 83 in file ..\..\Hal\system\startup.s
      At line 171 in file ..\..\Hal\system\startup.s

USB_IRQHandler 00000020

Symbol: USB_IRQHandler
   Definitions
      At line 188 in file ..\..\Hal\system\startup.s
   Uses
      At line 84 in file ..\..\Hal\system\startup.s
      At line 172 in file ..\..\Hal\system\startup.s

UsageFault_Handler 00000016

Symbol: UsageFault_Handler
   Definitions
      At line 142 in file ..\..\Hal\system\startup.s
   Uses
      At line 66 in file ..\..\Hal\system\startup.s
      At line 143 in file ..\..\Hal\system\startup.s

WDT_IRQHandler 00000020

Symbol: WDT_IRQHandler
   Definitions
      At line 182 in file ..\..\Hal\system\startup.s
   Uses
      At line 78 in file ..\..\Hal\system\startup.s
      At line 166 in file ..\..\Hal\system\startup.s

__user_initial_stackheap 00000020

Symbol: __user_initial_stackheap
   Definitions



ARM Macro Assembler    Page 5 Alphabetic symbol ordering
Relocatable symbols

      At line 218 in file ..\..\Hal\system\startup.s
   Uses
      At line 216 in file ..\..\Hal\system\startup.s
Comment: __user_initial_stackheap used once
27 symbols



ARM Macro Assembler    Page 1 Alphabetic symbol ordering
Absolute symbols

Heap_Size 00000400

Symbol: Heap_Size
   Definitions
      At line 43 in file ..\..\Hal\system\startup.s
   Uses
      At line 47 in file ..\..\Hal\system\startup.s
      At line 222 in file ..\..\Hal\system\startup.s

Stack_Size 00000800

Symbol: Stack_Size
   Definitions
      At line 32 in file ..\..\Hal\system\startup.s
   Uses
      At line 35 in file ..\..\Hal\system\startup.s
      At line 221 in file ..\..\Hal\system\startup.s

__Vectors_Size 00000078

Symbol: __Vectors_Size
   Definitions
      At line 94 in file ..\..\Hal\system\startup.s
   Uses
      At line 58 in file ..\..\Hal\system\startup.s
Comment: __Vectors_Size used once
3 symbols



ARM Macro Assembler    Page 1 Alphabetic symbol ordering
External symbols

__main 00000000

Symbol: __main
   Definitions
      At line 114 in file ..\..\Hal\system\startup.s
   Uses
      At line 115 in file ..\..\Hal\system\startup.s
Comment: __main used once
__use_two_region_memory 00000000

Symbol: __use_two_region_memory
   Definitions
      At line 215 in file ..\..\Hal\system\startup.s
   Uses
      None
Comment: __use_two_region_memory unused
2 symbols
378 symbols in table
